Arguments: 
  /usr/bin/node /usr/share/yarn/bin/yarn.js add amd-zip

PATH: 
  /home/utility4u/.local/bin:/home/utility4u/.local/bin:/usr/local/sbin:/usr/local/bin:/usr/sbin:/usr/bin:/sbin:/bin:/usr/games:/usr/local/games:/snap/bin:/home/utility4u/.dotnet/tools:/usr/lib/jvm/java-12-oracle/bin:/usr/lib/jvm/java-12-oracle/db/bin:/home/utility4u/.dotnet/tools:/usr/lib/jvm/java-12-oracle/bin:/usr/lib/jvm/java-12-oracle/db/bin

Yarn version: 
  1.19.2

Node version: 
  10.17.0

Platform: 
  linux x64

Trace: 
  Error: https://registry.yarnpkg.com/amd-zip: Not found
      at Request.params.callback [as _callback] (/usr/share/yarn/lib/cli.js:66927:18)
      at Request.self.callback (/usr/share/yarn/lib/cli.js:140586:22)
      at Request.emit (events.js:198:13)
      at Request.<anonymous> (/usr/share/yarn/lib/cli.js:141558:10)
      at Request.emit (events.js:198:13)
      at IncomingMessage.<anonymous> (/usr/share/yarn/lib/cli.js:141480:12)
      at Object.onceWrapper (events.js:286:20)
      at IncomingMessage.emit (events.js:203:15)
      at endReadableNT (_stream_readable.js:1143:12)
      at process._tickCallback (internal/process/next_tick.js:63:19)

npm manifest: 
  {
    "name": "reas-test-task",
    "version": "1.0.0",
    "main": "src/app.js",
    "author": "utility4u <benedikthofirek@gmail.com>",
    "license": "MIT",
    "scripts": {
      "dev": "ts-node src/app.ts 554782",
      "start": "ts-node dist/app.js",
      "build": "tsc -p ."
    },
    "devDependencies": {
      "@types/node": "^12.12.20",
      "ts-node": "^8.5.4",
      "typescript": "^3.7.3"
    },
    "dependencies": {
      "axios": "^0.19.0",
      "mongoose": "^5.8.1"
    }
  }

yarn manifest: 
  No manifest

Lockfile: 
  # THIS IS AN AUTOGENERATED FILE. DO NOT EDIT THIS FILE DIRECTLY.
  # yarn lockfile v1
  
  
  "@types/node@^12.12.20":
    version "12.12.20"
    resolved "https://registry.yarnpkg.com/@types/node/-/node-12.12.20.tgz#7b693038ce661fe57a7ffa4679440b5e7c5e8b99"
    integrity sha512-VAe+DiwpnC/g448uN+/3gRl4th0BTdrR9gSLIOHA+SUQskaYZQDOHG7xmjiE7JUhjbXnbXytf6Ih+/pA6CtMFQ==
  
  arg@^4.1.0:
    version "4.1.2"
    resolved "https://registry.yarnpkg.com/arg/-/arg-4.1.2.tgz#e70c90579e02c63d80e3ad4e31d8bfdb8bd50064"
    integrity sha512-+ytCkGcBtHZ3V2r2Z06AncYO8jz46UEamcspGoU8lHcEbpn6J77QK0vdWvChsclg/tM5XIJC5tnjmPp7Eq6Obg==
  
  axios@^0.19.0:
    version "0.19.0"
    resolved "https://registry.yarnpkg.com/axios/-/axios-0.19.0.tgz#8e09bff3d9122e133f7b8101c8fbdd00ed3d2ab8"
    integrity sha512-1uvKqKQta3KBxIz14F2v06AEHZ/dIoeKfbTRkK1E5oqjDnuEerLmYTgJB5AiQZHJcljpg1TuRzdjDR06qNk0DQ==
    dependencies:
      follow-redirects "1.5.10"
      is-buffer "^2.0.2"
  
  bluebird@3.5.1:
    version "3.5.1"
    resolved "https://registry.yarnpkg.com/bluebird/-/bluebird-3.5.1.tgz#d9551f9de98f1fcda1e683d17ee91a0602ee2eb9"
    integrity sha512-MKiLiV+I1AA596t9w1sQJ8jkiSr5+ZKi0WKrYGUn6d1Fx+Ij4tIj+m2WMQSGczs5jZVxV339chE8iwk6F64wjA==
  
  bson@^1.1.1, bson@~1.1.1:
    version "1.1.3"
    resolved "https://registry.yarnpkg.com/bson/-/bson-1.1.3.tgz#aa82cb91f9a453aaa060d6209d0675114a8154d3"
    integrity sha512-TdiJxMVnodVS7r0BdL42y/pqC9cL2iKynVwA0Ho3qbsQYr428veL3l7BQyuqiw+Q5SqqoT0m4srSY/BlZ9AxXg==
  
  buffer-from@^1.0.0:
    version "1.1.1"
    resolved "https://registry.yarnpkg.com/buffer-from/-/buffer-from-1.1.1.tgz#32713bc028f75c02fdb710d7c7bcec1f2c6070ef"
    integrity sha512-MQcXEUbCKtEo7bhqEs6560Hyd4XaovZlO/k9V3hjVUF/zwW7KBVdSK4gIt/bzwS9MbR5qob+F5jusZsb0YQK2A==
  
  debug@3.1.0, debug@=3.1.0:
    version "3.1.0"
    resolved "https://registry.yarnpkg.com/debug/-/debug-3.1.0.tgz#5bb5a0672628b64149566ba16819e61518c67261"
    integrity sha512-OX8XqP7/1a9cqkxYw2yXss15f26NKWBpDXQd0/uK/KPqdQhxbPa994hnzjcE2VqQpDslf55723cKPUOGSmMY3g==
    dependencies:
      ms "2.0.0"
  
  diff@^4.0.1:
    version "4.0.1"
    resolved "https://registry.yarnpkg.com/diff/-/diff-4.0.1.tgz#0c667cb467ebbb5cea7f14f135cc2dba7780a8ff"
    integrity sha512-s2+XdvhPCOF01LRQBC8hf4vhbVmI2CGS5aZnxLJlT5FtdhPCDFq80q++zK2KlrVorVDdL5BOGZ/VfLrVtYNF+Q==
  
  follow-redirects@1.5.10:
    version "1.5.10"
    resolved "https://registry.yarnpkg.com/follow-redirects/-/follow-redirects-1.5.10.tgz#7b7a9f9aea2fdff36786a94ff643ed07f4ff5e2a"
    integrity sha512-0V5l4Cizzvqt5D44aTXbFZz+FtyXV1vrDN6qrelxtfYQKW0KO0W2T/hkE8xvGa/540LkZlkaUjO4ailYTFtHVQ==
    dependencies:
      debug "=3.1.0"
  
  is-buffer@^2.0.2:
    version "2.0.4"
    resolved "https://registry.yarnpkg.com/is-buffer/-/is-buffer-2.0.4.tgz#3e572f23c8411a5cfd9557c849e3665e0b290623"
    integrity sha512-Kq1rokWXOPXWuaMAqZiJW4XxsmD9zGx9q4aePabbn3qCRGedtH7Cm+zV8WETitMfu1wdh+Rvd6w5egwSngUX2A==
  
  kareem@2.3.1:
    version "2.3.1"
    resolved "https://registry.yarnpkg.com/kareem/-/kareem-2.3.1.tgz#def12d9c941017fabfb00f873af95e9c99e1be87"
    integrity sha512-l3hLhffs9zqoDe8zjmb/mAN4B8VT3L56EUvKNqLFVs9YlFA+zx7ke1DO8STAdDyYNkeSo1nKmjuvQeI12So8Xw==
  
  make-error@^1.1.1:
    version "1.3.5"
    resolved "https://registry.yarnpkg.com/make-error/-/make-error-1.3.5.tgz#efe4e81f6db28cadd605c70f29c831b58ef776c8"
    integrity sha512-c3sIjNUow0+8swNwVpqoH4YCShKNFkMaw6oH1mNS2haDZQqkeZFlHS3dhoeEbKKmJB4vXpJucU6oH75aDYeE9g==
  
  memory-pager@^1.0.2:
    version "1.5.0"
    resolved "https://registry.yarnpkg.com/memory-pager/-/memory-pager-1.5.0.tgz#d8751655d22d384682741c972f2c3d6dfa3e66b5"
    integrity sha512-ZS4Bp4r/Zoeq6+NLJpP+0Zzm0pR8whtGPf1XExKLJBAczGMnSi3It14OiNCStjQjM6NU1okjQGSxgEZN8eBYKg==
  
  mongodb@3.3.5:
    version "3.3.5"
    resolved "https://registry.yarnpkg.com/mongodb/-/mongodb-3.3.5.tgz#38d531013afede92b0dd282e3b9f3c08c9bdff3b"
    integrity sha512-6NAv5gTFdwRyVfCz+O+KDszvjpyxmZw+VlmqmqKR2GmpkeKrKFRv/ZslgTtZba2dc9JYixIf99T5Gih7TIWv7Q==
    dependencies:
      bson "^1.1.1"
      require_optional "^1.0.1"
      safe-buffer "^5.1.2"
    optionalDependencies:
      saslprep "^1.0.0"
  
  mongoose-legacy-pluralize@1.0.2:
    version "1.0.2"
    resolved "https://registry.yarnpkg.com/mongoose-legacy-pluralize/-/mongoose-legacy-pluralize-1.0.2.tgz#3ba9f91fa507b5186d399fb40854bff18fb563e4"
    integrity sha512-Yo/7qQU4/EyIS8YDFSeenIvXxZN+ld7YdV9LqFVQJzTLye8unujAWPZ4NWKfFA+RNjh+wvTWKY9Z3E5XM6ZZiQ==
  
  mongoose@^5.8.1:
    version "5.8.1"
    resolved "https://registry.yarnpkg.com/mongoose/-/mongoose-5.8.1.tgz#9a14a17a1e764d3d3397db95326b7ba03146b8eb"
    integrity sha512-8Cffl52cMK2iBlpLipoRKW/RdrhkxvVzXsy+xVsfbKHQBCWkFiS0T0jU4smYzomTMP4gW0sReJoRA7Gu/7VVgQ==
    dependencies:
      bson "~1.1.1"
      kareem "2.3.1"
      mongodb "3.3.5"
      mongoose-legacy-pluralize "1.0.2"
      mpath "0.6.0"
      mquery "3.2.2"
      ms "2.1.2"
      regexp-clone "1.0.0"
      safe-buffer "5.1.2"
      sift "7.0.1"
      sliced "1.0.1"
  
  mpath@0.6.0:
    version "0.6.0"
    resolved "https://registry.yarnpkg.com/mpath/-/mpath-0.6.0.tgz#aa922029fca4f0f641f360e74c5c1b6a4c47078e"
    integrity sha512-i75qh79MJ5Xo/sbhxrDrPSEG0H/mr1kcZXJ8dH6URU5jD/knFxCVqVC/gVSW7GIXL/9hHWlT9haLbCXWOll3qw==
  
  mquery@3.2.2:
    version "3.2.2"
    resolved "https://registry.yarnpkg.com/mquery/-/mquery-3.2.2.tgz#e1383a3951852ce23e37f619a9b350f1fb3664e7"
    integrity sha512-XB52992COp0KP230I3qloVUbkLUxJIu328HBP2t2EsxSFtf4W1HPSOBWOXf1bqxK4Xbb66lfMJ+Bpfd9/yZE1Q==
    dependencies:
      bluebird "3.5.1"
      debug "3.1.0"
      regexp-clone "^1.0.0"
      safe-buffer "5.1.2"
      sliced "1.0.1"
  
  ms@2.0.0:
    version "2.0.0"
    resolved "https://registry.yarnpkg.com/ms/-/ms-2.0.0.tgz#5608aeadfc00be6c2901df5f9861788de0d597c8"
    integrity sha1-VgiurfwAvmwpAd9fmGF4jeDVl8g=
  
  ms@2.1.2:
    version "2.1.2"
    resolved "https://registry.yarnpkg.com/ms/-/ms-2.1.2.tgz#d09d1f357b443f493382a8eb3ccd183872ae6009"
    integrity sha512-sGkPx+VjMtmA6MX27oA4FBFELFCZZ4S4XqeGOXCv68tT+jb3vk/RyaKWP0PTKyWtmLSM0b+adUTEvbs1PEaH2w==
  
  regexp-clone@1.0.0, regexp-clone@^1.0.0:
    version "1.0.0"
    resolved "https://registry.yarnpkg.com/regexp-clone/-/regexp-clone-1.0.0.tgz#222db967623277056260b992626354a04ce9bf63"
    integrity sha512-TuAasHQNamyyJ2hb97IuBEif4qBHGjPHBS64sZwytpLEqtBQ1gPJTnOaQ6qmpET16cK14kkjbazl6+p0RRv0yw==
  
  require_optional@^1.0.1:
    version "1.0.1"
    resolved "https://registry.yarnpkg.com/require_optional/-/require_optional-1.0.1.tgz#4cf35a4247f64ca3df8c2ef208cc494b1ca8fc2e"
    integrity sha512-qhM/y57enGWHAe3v/NcwML6a3/vfESLe/sGM2dII+gEO0BpKRUkWZow/tyloNqJyN6kXSl3RyyM8Ll5D/sJP8g==
    dependencies:
      resolve-from "^2.0.0"
      semver "^5.1.0"
  
  resolve-from@^2.0.0:
    version "2.0.0"
    resolved "https://registry.yarnpkg.com/resolve-from/-/resolve-from-2.0.0.tgz#9480ab20e94ffa1d9e80a804c7ea147611966b57"
    integrity sha1-lICrIOlP+h2egKgEx+oUdhGWa1c=
  
  safe-buffer@5.1.2:
    version "5.1.2"
    resolved "https://registry.yarnpkg.com/safe-buffer/-/safe-buffer-5.1.2.tgz#991ec69d296e0313747d59bdfd2b745c35f8828d"
    integrity sha512-Gd2UZBJDkXlY7GbJxfsE8/nvKkUEU1G38c1siN6QP6a9PT9MmHB8GnpscSmMJSoF8LOIrt8ud/wPtojys4G6+g==
  
  safe-buffer@^5.1.2:
    version "5.2.0"
    resolved "https://registry.yarnpkg.com/safe-buffer/-/safe-buffer-5.2.0.tgz#b74daec49b1148f88c64b68d49b1e815c1f2f519"
    integrity sha512-fZEwUGbVl7kouZs1jCdMLdt95hdIv0ZeHg6L7qPeciMZhZ+/gdesW4wgTARkrFWEpspjEATAzUGPG8N2jJiwbg==
  
  saslprep@^1.0.0:
    version "1.0.3"
    resolved "https://registry.yarnpkg.com/saslprep/-/saslprep-1.0.3.tgz#4c02f946b56cf54297e347ba1093e7acac4cf226"
    integrity sha512-/MY/PEMbk2SuY5sScONwhUDsV2p77Znkb/q3nSVstq/yQzYJOH/Azh29p9oJLsl3LnQwSvZDKagDGBsBwSooag==
    dependencies:
      sparse-bitfield "^3.0.3"
  
  semver@^5.1.0:
    version "5.7.1"
    resolved "https://registry.yarnpkg.com/semver/-/semver-5.7.1.tgz#a954f931aeba508d307bbf069eff0c01c96116f7"
    integrity sha512-sauaDf/PZdVgrLTNYHRtpXa1iRiKcaebiKQ1BJdpQlWH2lCvexQdX55snPFyK7QzpudqbCI0qXFfOasHdyNDGQ==
  
  sift@7.0.1:
    version "7.0.1"
    resolved "https://registry.yarnpkg.com/sift/-/sift-7.0.1.tgz#47d62c50b159d316f1372f8b53f9c10cd21a4b08"
    integrity sha512-oqD7PMJ+uO6jV9EQCl0LrRw1OwsiPsiFQR5AR30heR+4Dl7jBBbDLnNvWiak20tzZlSE1H7RB30SX/1j/YYT7g==
  
  sliced@1.0.1:
    version "1.0.1"
    resolved "https://registry.yarnpkg.com/sliced/-/sliced-1.0.1.tgz#0b3a662b5d04c3177b1926bea82b03f837a2ef41"
    integrity sha1-CzpmK10Ewxd7GSa+qCsD+Dei70E=
  
  source-map-support@^0.5.6:
    version "0.5.16"
    resolved "https://registry.yarnpkg.com/source-map-support/-/source-map-support-0.5.16.tgz#0ae069e7fe3ba7538c64c98515e35339eac5a042"
    integrity sha512-efyLRJDr68D9hBBNIPWFjhpFzURh+KJykQwvMyW5UiZzYwoF6l4YMMDIJJEyFWxWCqfyxLzz6tSfUFR+kXXsVQ==
    dependencies:
      buffer-from "^1.0.0"
      source-map "^0.6.0"
  
  source-map@^0.6.0:
    version "0.6.1"
    resolved "https://registry.yarnpkg.com/source-map/-/source-map-0.6.1.tgz#74722af32e9614e9c287a8d0bbde48b5e2f1a263"
    integrity sha512-UjgapumWlbMhkBgzT7Ykc5YXUT46F0iKu8SGXq0bcwP5dz/h0Plj6enJqjz1Zbq2l5WaqYnrVbwWOWMyF3F47g==
  
  sparse-bitfield@^3.0.3:
    version "3.0.3"
    resolved "https://registry.yarnpkg.com/sparse-bitfield/-/sparse-bitfield-3.0.3.tgz#ff4ae6e68656056ba4b3e792ab3334d38273ca11"
    integrity sha1-/0rm5oZWBWuks+eSqzM004JzyhE=
    dependencies:
      memory-pager "^1.0.2"
  
  ts-node@^8.5.4:
    version "8.5.4"
    resolved "https://registry.yarnpkg.com/ts-node/-/ts-node-8.5.4.tgz#a152add11fa19c221d0b48962c210cf467262ab2"
    integrity sha512-izbVCRV68EasEPQ8MSIGBNK9dc/4sYJJKYA+IarMQct1RtEot6Xp0bXuClsbUSnKpg50ho+aOAx8en5c+y4OFw==
    dependencies:
      arg "^4.1.0"
      diff "^4.0.1"
      make-error "^1.1.1"
      source-map-support "^0.5.6"
      yn "^3.0.0"
  
  typescript@^3.7.3:
    version "3.7.3"
    resolved "https://registry.yarnpkg.com/typescript/-/typescript-3.7.3.tgz#b36840668a16458a7025b9eabfad11b66ab85c69"
    integrity sha512-Mcr/Qk7hXqFBXMN7p7Lusj1ktCBydylfQM/FZCk5glCNQJrCUKPkMHdo9R0MTFWsC/4kPFvDS0fDPvukfCkFsw==
  
  yn@^3.0.0:
    version "3.1.1"
    resolved "https://registry.yarnpkg.com/yn/-/yn-3.1.1.tgz#1e87401a09d767c1d5eab26a6e4c185182d2eb50"
    integrity sha512-Ux4ygGWsu2c7isFWe8Yu1YluJmqVhxqK2cLXNQA5AcC3QfbGNpM7fu0Y8b/z16pXLnFxZYvWhd3fhBY9DLmC6Q==
